0 info it worked if it ends with ok
1 verbose cli [ '/usr/local/bin/node',
1 verbose cli   '/usr/local/bin/npm',
1 verbose cli   'install',
1 verbose cli   '-g',
1 verbose cli   'n' ]
2 info using npm@3.10.9
3 info using node@v6.9.2
4 silly loadCurrentTree Starting
5 silly install loadCurrentTree
6 silly install readGlobalPackageData
7 silly fetchPackageMetaData n
8 silly fetchNamedPackageData n
9 silly mapToRegistry name n
10 silly mapToRegistry using default registry
11 silly mapToRegistry registry https://registry.npm.taobao.org/
12 silly mapToRegistry data Result {
12 silly mapToRegistry   raw: 'n',
12 silly mapToRegistry   scope: null,
12 silly mapToRegistry   escapedName: 'n',
12 silly mapToRegistry   name: 'n',
12 silly mapToRegistry   rawSpec: '',
12 silly mapToRegistry   spec: 'latest',
12 silly mapToRegistry   type: 'tag' }
13 silly mapToRegistry uri https://registry.npm.taobao.org/n
14 verbose request uri https://registry.npm.taobao.org/n
15 verbose request no auth needed
16 info attempt registry request try #1 at 17:27:33
17 verbose request id 39c3137b54f42373
18 http request GET https://registry.npm.taobao.org/n
19 http 200 https://registry.npm.taobao.org/n
20 verbose headers { date: 'Wed, 03 May 2017 09:27:33 GMT',
20 verbose headers   'content-type': 'application/json; charset=utf-8',
20 verbose headers   'content-length': '88270',
20 verbose headers   connection: 'keep-alive',
20 verbose headers   'x-current-requests': '1',
20 verbose headers   etag: '"158ce-tSG8D85MScVmyUZ7jGlaHq/tGKA"',
20 verbose headers   'x-readtime': '66' }
21 silly get cb [ 200,
21 silly get   { date: 'Wed, 03 May 2017 09:27:33 GMT',
21 silly get     'content-type': 'application/json; charset=utf-8',
21 silly get     'content-length': '88270',
21 silly get     connection: 'keep-alive',
21 silly get     'x-current-requests': '1',
21 silly get     etag: '"158ce-tSG8D85MScVmyUZ7jGlaHq/tGKA"',
21 silly get     'x-readtime': '66' } ]
22 verbose get saving n to /Users/drizzlezxy/.npm/registry.npm.taobao.org/n/.cache.json
23 verbose correctMkdir /Users/drizzlezxy/.npm correctMkdir not in flight; initializing
24 verbose makeDirectory /Users/drizzlezxy/.npm creation not in flight; initializing
25 silly makeDirectory /Users/drizzlezxy/.npm uid: 501 gid: 20
26 silly install normalizeTree
27 silly loadCurrentTree Finishing
28 silly loadIdealTree Starting
29 silly install loadIdealTree
30 silly cloneCurrentTree Starting
31 silly install cloneCurrentTreeToIdealTree
32 silly cloneCurrentTree Finishing
33 silly loadShrinkwrap Starting
34 silly install loadShrinkwrap
35 silly loadShrinkwrap Finishing
36 silly loadAllDepsIntoIdealTree Starting
37 silly install loadAllDepsIntoIdealTree
38 silly resolveWithNewModule n@2.1.7 checking installable status
39 silly cache add args [ 'n', null ]
40 verbose cache add spec n
41 silly cache add parsed spec Result {
41 silly cache add   raw: 'n',
41 silly cache add   scope: null,
41 silly cache add   escapedName: 'n',
41 silly cache add   name: 'n',
41 silly cache add   rawSpec: '',
41 silly cache add   spec: 'latest',
41 silly cache add   type: 'tag' }
42 silly addNamed n@latest
43 verbose addNamed "latest" is being treated as a dist-tag for n
44 info addNameTag [ 'n', 'latest' ]
45 silly mapToRegistry name n
46 silly mapToRegistry using default registry
47 silly mapToRegistry registry https://registry.npm.taobao.org/
48 silly mapToRegistry data Result {
48 silly mapToRegistry   raw: 'n',
48 silly mapToRegistry   scope: null,
48 silly mapToRegistry   escapedName: 'n',
48 silly mapToRegistry   name: 'n',
48 silly mapToRegistry   rawSpec: '',
48 silly mapToRegistry   spec: 'latest',
48 silly mapToRegistry   type: 'tag' }
49 silly mapToRegistry uri https://registry.npm.taobao.org/n
50 verbose addNameTag registry:https://registry.npm.taobao.org/n not in flight; fetching
51 verbose get https://registry.npm.taobao.org/n not expired, no request
52 silly addNameTag next cb for n with tag latest
53 silly addNamed n@2.1.7
54 verbose addNamed "2.1.7" is a plain semver version for n
55 silly mapToRegistry name n
56 silly mapToRegistry using default registry
57 silly mapToRegistry registry https://registry.npm.taobao.org/
58 silly mapToRegistry data Result {
58 silly mapToRegistry   raw: 'n',
58 silly mapToRegistry   scope: null,
58 silly mapToRegistry   escapedName: 'n',
58 silly mapToRegistry   name: 'n',
58 silly mapToRegistry   rawSpec: '',
58 silly mapToRegistry   spec: 'latest',
58 silly mapToRegistry   type: 'tag' }
59 silly mapToRegistry uri https://registry.npm.taobao.org/n
60 verbose addRemoteTarball https://registry.npm.taobao.org/n/download/n-2.1.7.tgz not in flight; adding
61 verbose addRemoteTarball [ 'https://registry.npm.taobao.org/n/download/n-2.1.7.tgz',
61 verbose addRemoteTarball   '13fe032a5bed0797983bddf27eb0606517c73c74' ]
62 info retry fetch attempt 1 at 17:27:33
63 info attempt registry request try #1 at 17:27:33
64 http fetch GET https://registry.npm.taobao.org/n/download/n-2.1.7.tgz
65 http fetch 200 https://registry.npm.taobao.org/n/download/n-2.1.7.tgz
66 silly fetchAndShaCheck shasum 13fe032a5bed0797983bddf27eb0606517c73c74
67 verbose addTmpTarball /var/folders/j0/xmb4p5nx251cwfwmt_4r89nw0000gn/T/npm-29835-f2618287/registry.npm.taobao.org/n/download/n-2.1.7.tgz not in flight; adding
68 verbose addTmpTarball already have metadata; skipping unpack for n@2.1.7
69 verbose correctMkdir /Users/drizzlezxy/.npm correctMkdir not in flight; initializing
70 silly cache afterAdd n@2.1.7
71 verbose afterAdd /Users/drizzlezxy/.npm/n/2.1.7/package/package.json not in flight; writing
72 verbose correctMkdir /Users/drizzlezxy/.npm correctMkdir not in flight; initializing
73 verbose afterAdd /Users/drizzlezxy/.npm/n/2.1.7/package/package.json written
74 silly loadAllDepsIntoIdealTree Finishing
75 silly loadIdealTree Finishing
76 silly currentTree lib
77 silly idealTree lib
77 silly idealTree └── n@2.1.7
78 silly generateActionsToTake Starting
79 silly install generateActionsToTake
80 warn checkPermissions Missing write access to /usr/local/lib/node_modules
81 silly rollbackFailedOptional Starting
82 silly rollbackFailedOptional Finishing
83 silly runTopLevelLifecycles Finishing
84 silly install printInstalled
85 verbose stack Error: EACCES: permission denied, access '/usr/local/lib/node_modules'
85 verbose stack     at Error (native)
86 verbose cwd /Users/drizzlezxy/HelloWorld/git/1_JProject/hello-koa
87 error Darwin 16.5.0
88 error argv "/usr/local/bin/node" "/usr/local/bin/npm" "install" "-g" "n"
89 error node v6.9.2
90 error npm  v3.10.9
91 error path /usr/local/lib/node_modules
92 error code EACCES
93 error errno -13
94 error syscall access
95 error Error: EACCES: permission denied, access '/usr/local/lib/node_modules'
95 error     at Error (native)
95 error  { Error: EACCES: permission denied, access '/usr/local/lib/node_modules'
95 error     at Error (native)
95 error   errno: -13,
95 error   code: 'EACCES',
95 error   syscall: 'access',
95 error   path: '/usr/local/lib/node_modules' }
96 error Please try running this command again as root/Administrator.
97 verbose exit [ -13, true ]
